<?xml version="1.0" encoding="UTF-8"?>
<!-- Generated by org.testng.reporters.JUnitReportReporter -->
<testsuite skipped="0" hostname="ypreddy" name="TestNg.groupsTestng" tests="2" failures="0" timestamp="08 Dec 2019 10:52:26 GMT" time="0.041" errors="0">
  <testcase name="btestIT" time="0.035" classname="TestNg.groupsTestng"/>
  <testcase name="AtestIT1" time="0.006" classname="TestNg.groupsTestng"/>
</testsuite> <!-- TestNg.groupsTestng -->
