<?xml version="1.0" encoding="UTF-8"?>
<!-- Generated by org.testng.reporters.JUnitReportReporter -->
<testsuite skipped="0" hostname="ypreddy" name="TestNg.inncationcount" tests="6" failures="0" timestamp="09 Dec 2019 16:21:29 GMT" time="0.134" errors="0">
  <testcase name="InsertCard1" time="0.034" classname="TestNg.inncationcount"/>
  <testcase name="InsertCard1" time="0.037" classname="TestNg.inncationcount"/>
  <testcase name="InsertCard1" time="0.011" classname="TestNg.inncationcount"/>
  <testcase name="InsertCard1" time="0.028" classname="TestNg.inncationcount"/>
  <testcase name="Login" time="0.019" classname="TestNg.inncationcount"/>
  <testcase name="Password" time="0.005" classname="TestNg.inncationcount"/>
</testsuite> <!-- TestNg.inncationcount -->
