<?xml version="1.0" encoding="UTF-8"?>
<!-- Generated by org.testng.reporters.JUnitReportReporter -->
<testsuite skipped="0" hostname="ypreddy" name="MainExcution.priorityexample" tests="4" failures="0" timestamp="08 Dec 2019 10:05:49 GMT" time="0.071" errors="0">
  <testcase name="btestIT" time="0.020" classname="MainExcution.priorityexample"/>
  <testcase name="AtestIT1" time="0.009" classname="MainExcution.priorityexample"/>
  <testcase name="testIT2" time="0.012" classname="MainExcution.priorityexample"/>
  <testcase name="btestIT3" time="0.030" classname="MainExcution.priorityexample"/>
</testsuite> <!-- MainExcution.priorityexample -->
