<?xml version="1.0" encoding="UTF-8"?>
<!-- Generated by org.testng.reporters.JUnitReportReporter -->
<testsuite skipped="0" hostname="ypreddy" name="TestNg.DependeconMethodexmaple" tests="4" failures="0" timestamp="09 Dec 2019 01:55:44 GMT" time="0.056" errors="0">
  <testcase name="InsertCard" time="0.037" classname="TestNg.DependeconMethodexmaple"/>
  <testcase name="PIN" time="0.010" classname="TestNg.DependeconMethodexmaple"/>
  <testcase name="Options" time="0.005" classname="TestNg.DependeconMethodexmaple"/>
  <testcase name="WithDraw" time="0.004" classname="TestNg.DependeconMethodexmaple"/>
</testsuite> <!-- TestNg.DependeconMethodexmaple -->
